{"/Users/mahata/projects/ticket-app-sample/frontend/src/App.tsx": {"path":"/Users/mahata/projects/ticket-app-sample/frontend/src/App.tsx","statementMap":{"0":{"start":{"line":5,"column":25},"end":{"line":5,"column":null}},"1":{"start":{"line":11,"column":31},"end":{"line":11,"column":63}},"2":{"start":{"line":11,"column":51},"end":{"line":11,"column":63}}},"fnMap":{"0":{"name":"App","decl":{"start":{"line":4,"column":9},"end":{"line":4,"column":null}},"loc":{"start":{"line":4,"column":9},"end":{"line":20,"column":null}},"line":4},"1":{"name":"(anonymous_1)","decl":{"start":{"line":11,"column":25},"end":{"line":11,"column":31}},"loc":{"start":{"line":11,"column":31},"end":{"line":11,"column":63}},"line":11},"2":{"name":"(anonymous_2)","decl":{"start":{"line":11,"column":40},"end":{"line":11,"column":41}},"loc":{"start":{"line":11,"column":51},"end":{"line":11,"column":63}},"line":11}},"branchMap":{},"s":{"0":2,"1":0,"2":0},"f":{"0":2,"1":0,"2":0},"b":{},"meta":{"lastBranch":0,"lastFunction":3,"lastStatement":3,"seen":{"f:4:9:4:Infinity":0,"s:5:25:5:Infinity":0,"f:11:25:11:31":1,"s:11:31:11:63":1,"f:11:40:11:41":2,"s:11:51:11:63":2}}}
,"/Users/mahata/projects/ticket-app-sample/frontend/src/AuthContext.tsx": {"path":"/Users/mahata/projects/ticket-app-sample/frontend/src/AuthContext.tsx","statementMap":{"0":{"start":{"line":17,"column":13},"end":{"line":17,"column":null}},"1":{"start":{"line":19,"column":21},"end":{"line":19,"column":null}},"2":{"start":{"line":21,"column":28},"end":{"line":89,"column":null}},"3":{"start":{"line":22,"column":23},"end":{"line":22,"column":null}},"4":{"start":{"line":23,"column":25},"end":{"line":23,"column":null}},"5":{"start":{"line":24,"column":33},"end":{"line":24,"column":null}},"6":{"start":{"line":26,"column":2},"end":{"line":55,"column":null}},"7":{"start":{"line":27,"column":24},"end":{"line":27,"column":null}},"8":{"start":{"line":28,"column":23},"end":{"line":28,"column":null}},"9":{"start":{"line":30,"column":4},"end":{"line":54,"column":null}},"10":{"start":{"line":31,"column":6},"end":{"line":31,"column":null}},"11":{"start":{"line":32,"column":6},"end":{"line":32,"column":null}},"12":{"start":{"line":34,"column":6},"end":{"line":51,"column":null}},"13":{"start":{"line":40,"column":10},"end":{"line":42,"column":null}},"14":{"start":{"line":41,"column":12},"end":{"line":41,"column":null}},"15":{"start":{"line":43,"column":10},"end":{"line":43,"column":null}},"16":{"start":{"line":46,"column":10},"end":{"line":46,"column":null}},"17":{"start":{"line":47,"column":10},"end":{"line":47,"column":null}},"18":{"start":{"line":48,"column":10},"end":{"line":48,"column":null}},"19":{"start":{"line":49,"column":10},"end":{"line":49,"column":null}},"20":{"start":{"line":51,"column":23},"end":{"line":51,"column":null}},"21":{"start":{"line":53,"column":6},"end":{"line":53,"column":null}},"22":{"start":{"line":57,"column":16},"end":{"line":75,"column":null}},"23":{"start":{"line":58,"column":21},"end":{"line":64,"column":null}},"24":{"start":{"line":66,"column":4},"end":{"line":68,"column":null}},"25":{"start":{"line":67,"column":6},"end":{"line":67,"column":null}},"26":{"start":{"line":70,"column":17},"end":{"line":70,"column":null}},"27":{"start":{"line":71,"column":4},"end":{"line":71,"column":null}},"28":{"start":{"line":72,"column":4},"end":{"line":72,"column":null}},"29":{"start":{"line":73,"column":4},"end":{"line":73,"column":null}},"30":{"start":{"line":74,"column":4},"end":{"line":74,"column":null}},"31":{"start":{"line":77,"column":17},"end":{"line":82,"column":null}},"32":{"start":{"line":78,"column":4},"end":{"line":78,"column":null}},"33":{"start":{"line":79,"column":4},"end":{"line":79,"column":null}},"34":{"start":{"line":80,"column":4},"end":{"line":80,"column":null}},"35":{"start":{"line":81,"column":4},"end":{"line":81,"column":null}}},"fnMap":{"0":{"name":"(anonymous_0)","decl":{"start":{"line":21,"column":28},"end":{"line":21,"column":29}},"loc":{"start":{"line":21,"column":66},"end":{"line":89,"column":null}},"line":21},"1":{"name":"(anonymous_1)","decl":{"start":{"line":26,"column":12},"end":{"line":26,"column":null}},"loc":{"start":{"line":26,"column":12},"end":{"line":55,"column":5}},"line":26},"2":{"name":"(anonymous_2)","decl":{"start":{"line":39,"column":14},"end":{"line":39,"column":15}},"loc":{"start":{"line":39,"column":15},"end":{"line":44,"column":null}},"line":39},"3":{"name":"(anonymous_3)","decl":{"start":{"line":45,"column":15},"end":{"line":45,"column":null}},"loc":{"start":{"line":45,"column":15},"end":{"line":50,"column":null}},"line":45},"4":{"name":"(anonymous_4)","decl":{"start":{"line":51,"column":17},"end":{"line":51,"column":23}},"loc":{"start":{"line":51,"column":23},"end":{"line":51,"column":null}},"line":51},"5":{"name":"(anonymous_5)","decl":{"start":{"line":57,"column":16},"end":{"line":57,"column":23}},"loc":{"start":{"line":57,"column":23},"end":{"line":75,"column":null}},"line":57},"6":{"name":"(anonymous_6)","decl":{"start":{"line":77,"column":17},"end":{"line":77,"column":null}},"loc":{"start":{"line":77,"column":17},"end":{"line":82,"column":null}},"line":77}},"branchMap":{"0":{"loc":{"start":{"line":19,"column":21},"end":{"line":19,"column":null}},"type":"binary-expr","locations":[{"start":{"line":19,"column":21},"end":{"line":19,"column":54}},{"start":{"line":19,"column":58},"end":{"line":19,"column":null}}],"line":19},"1":{"loc":{"start":{"line":30,"column":4},"end":{"line":54,"column":null}},"type":"if","locations":[{"start":{"line":30,"column":4},"end":{"line":54,"column":null}},{"start":{"line":52,"column":11},"end":{"line":54,"column":null}}],"line":30},"2":{"loc":{"start":{"line":30,"column":8},"end":{"line":30,"column":35}},"type":"binary-expr","locations":[{"start":{"line":30,"column":8},"end":{"line":30,"column":23}},{"start":{"line":30,"column":23},"end":{"line":30,"column":35}}],"line":30},"3":{"loc":{"start":{"line":40,"column":10},"end":{"line":42,"column":null}},"type":"if","locations":[{"start":{"line":40,"column":10},"end":{"line":42,"column":null}},{"start":{},"end":{}}],"line":40},"4":{"loc":{"start":{"line":66,"column":4},"end":{"line":68,"column":null}},"type":"if","locations":[{"start":{"line":66,"column":4},"end":{"line":68,"column":null}},{"start":{},"end":{}}],"line":66}},"s":{"0":1,"1":1,"2":1,"3":3,"4":3,"5":3,"6":3,"7":1,"8":1,"9":1,"10":1,"11":1,"12":1,"13":1,"14":0,"15":1,"16":0,"17":0,"18":0,"19":0,"20":1,"21":0,"22":3,"23":0,"24":0,"25":0,"26":0,"27":0,"28":0,"29":0,"30":0,"31":3,"32":0,"33":0,"34":0,"35":0},"f":{"0":3,"1":1,"2":1,"3":0,"4":1,"5":0,"6":0},"b":{"0":[1,0],"1":[1,0],"2":[1,1],"3":[0,1],"4":[0,0]},"meta":{"lastBranch":5,"lastFunction":7,"lastStatement":36,"seen":{"s:17:13:17:Infinity":0,"s:19:21:19:Infinity":1,"b:19:21:19:54:19:58:19:Infinity":0,"s:21:28:89:Infinity":2,"f:21:28:21:29":0,"s:22:23:22:Infinity":3,"s:23:25:23:Infinity":4,"s:24:33:24:Infinity":5,"s:26:2:55:Infinity":6,"f:26:12:26:Infinity":1,"s:27:24:27:Infinity":7,"s:28:23:28:Infinity":8,"b:30:4:54:Infinity:52:11:54:Infinity":1,"s:30:4:54:Infinity":9,"b:30:8:30:23:30:23:30:35":2,"s:31:6:31:Infinity":10,"s:32:6:32:Infinity":11,"s:34:6:51:Infinity":12,"f:39:14:39:15":2,"b:40:10:42:Infinity:undefined:undefined:undefined:undefined":3,"s:40:10:42:Infinity":13,"s:41:12:41:Infinity":14,"s:43:10:43:Infinity":15,"f:45:15:45:Infinity":3,"s:46:10:46:Infinity":16,"s:47:10:47:Infinity":17,"s:48:10:48:Infinity":18,"s:49:10:49:Infinity":19,"f:51:17:51:23":4,"s:51:23:51:Infinity":20,"s:53:6:53:Infinity":21,"s:57:16:75:Infinity":22,"f:57:16:57:23":5,"s:58:21:64:Infinity":23,"b:66:4:68:Infinity:undefined:undefined:undefined:undefined":4,"s:66:4:68:Infinity":24,"s:67:6:67:Infinity":25,"s:70:17:70:Infinity":26,"s:71:4:71:Infinity":27,"s:72:4:72:Infinity":28,"s:73:4:73:Infinity":29,"s:74:4:74:Infinity":30,"s:77:17:82:Infinity":31,"f:77:17:77:Infinity":6,"s:78:4:78:Infinity":32,"s:79:4:79:Infinity":33,"s:80:4:80:Infinity":34,"s:81:4:81:Infinity":35}}}
,"/Users/mahata/projects/ticket-app-sample/frontend/src/MyPath.tsx": {"path":"/Users/mahata/projects/ticket-app-sample/frontend/src/MyPath.tsx","statementMap":{"0":{"start":{"line":6,"column":21},"end":{"line":6,"column":null}},"1":{"start":{"line":8,"column":15},"end":{"line":52,"column":null}},"2":{"start":{"line":9,"column":31},"end":{"line":9,"column":null}},"3":{"start":{"line":10,"column":8},"end":{"line":10,"column":null}},"4":{"start":{"line":11,"column":23},"end":{"line":11,"column":null}},"5":{"start":{"line":12,"column":25},"end":{"line":12,"column":null}},"6":{"start":{"line":14,"column":2},"end":{"line":28,"column":null}},"7":{"start":{"line":15,"column":4},"end":{"line":15,"column":null}},"8":{"start":{"line":15,"column":16},"end":{"line":15,"column":null}},"9":{"start":{"line":17,"column":4},"end":{"line":27,"column":null}},"10":{"start":{"line":23,"column":8},"end":{"line":23,"column":null}},"11":{"start":{"line":23,"column":21},"end":{"line":23,"column":null}},"12":{"start":{"line":24,"column":8},"end":{"line":24,"column":null}},"13":{"start":{"line":26,"column":22},"end":{"line":26,"column":null}},"14":{"start":{"line":27,"column":22},"end":{"line":27,"column":null}},"15":{"start":{"line":30,"column":23},"end":{"line":33,"column":null}},"16":{"start":{"line":31,"column":4},"end":{"line":31,"column":null}},"17":{"start":{"line":32,"column":4},"end":{"line":32,"column":null}}},"fnMap":{"0":{"name":"(anonymous_0)","decl":{"start":{"line":8,"column":15},"end":{"line":8,"column":null}},"loc":{"start":{"line":8,"column":15},"end":{"line":52,"column":null}},"line":8},"1":{"name":"(anonymous_1)","decl":{"start":{"line":14,"column":12},"end":{"line":14,"column":null}},"loc":{"start":{"line":14,"column":12},"end":{"line":28,"column":5}},"line":14},"2":{"name":"(anonymous_2)","decl":{"start":{"line":22,"column":12},"end":{"line":22,"column":13}},"loc":{"start":{"line":22,"column":13},"end":{"line":25,"column":null}},"line":22},"3":{"name":"(anonymous_3)","decl":{"start":{"line":26,"column":12},"end":{"line":26,"column":13}},"loc":{"start":{"line":26,"column":22},"end":{"line":26,"column":null}},"line":26},"4":{"name":"(anonymous_4)","decl":{"start":{"line":27,"column":13},"end":{"line":27,"column":14}},"loc":{"start":{"line":27,"column":22},"end":{"line":27,"column":null}},"line":27},"5":{"name":"(anonymous_5)","decl":{"start":{"line":30,"column":23},"end":{"line":30,"column":null}},"loc":{"start":{"line":30,"column":23},"end":{"line":33,"column":null}},"line":30}},"branchMap":{"0":{"loc":{"start":{"line":6,"column":21},"end":{"line":6,"column":null}},"type":"binary-expr","locations":[{"start":{"line":6,"column":21},"end":{"line":6,"column":54}},{"start":{"line":6,"column":58},"end":{"line":6,"column":null}}],"line":6},"1":{"loc":{"start":{"line":15,"column":4},"end":{"line":15,"column":null}},"type":"if","locations":[{"start":{"line":15,"column":4},"end":{"line":15,"column":null}},{"start":{},"end":{}}],"line":15},"2":{"loc":{"start":{"line":23,"column":8},"end":{"line":23,"column":null}},"type":"if","locations":[{"start":{"line":23,"column":8},"end":{"line":23,"column":null}},{"start":{},"end":{}}],"line":23}},"s":{"0":1,"1":1,"2":3,"3":3,"4":3,"5":3,"6":3,"7":2,"8":1,"9":1,"10":1,"11":0,"12":1,"13":1,"14":0,"15":3,"16":0,"17":0},"f":{"0":3,"1":2,"2":1,"3":1,"4":0,"5":0},"b":{"0":[1,0],"1":[1,1],"2":[0,1]},"meta":{"lastBranch":3,"lastFunction":6,"lastStatement":18,"seen":{"s:6:21:6:Infinity":0,"b:6:21:6:54:6:58:6:Infinity":0,"s:8:15:52:Infinity":1,"f:8:15:8:Infinity":0,"s:9:31:9:Infinity":2,"s:10:8:10:Infinity":3,"s:11:23:11:Infinity":4,"s:12:25:12:Infinity":5,"s:14:2:28:Infinity":6,"f:14:12:14:Infinity":1,"b:15:4:15:Infinity:undefined:undefined:undefined:undefined":1,"s:15:4:15:Infinity":7,"s:15:16:15:Infinity":8,"s:17:4:27:Infinity":9,"f:22:12:22:13":2,"b:23:8:23:Infinity:undefined:undefined:undefined:undefined":2,"s:23:8:23:Infinity":10,"s:23:21:23:Infinity":11,"s:24:8:24:Infinity":12,"f:26:12:26:13":3,"s:26:22:26:Infinity":13,"f:27:13:27:14":4,"s:27:22:27:Infinity":14,"s:30:23:33:Infinity":15,"f:30:23:30:Infinity":5,"s:31:4:31:Infinity":16,"s:32:4:32:Infinity":17}}}
,"/Users/mahata/projects/ticket-app-sample/frontend/src/NotFound.tsx": {"path":"/Users/mahata/projects/ticket-app-sample/frontend/src/NotFound.tsx","statementMap":{"0":{"start":{"line":1,"column":17},"end":{"line":3,"column":null}}},"fnMap":{"0":{"name":"(anonymous_0)","decl":{"start":{"line":1,"column":17},"end":{"line":1,"column":null}},"loc":{"start":{"line":1,"column":17},"end":{"line":3,"column":null}},"line":1}},"branchMap":{},"s":{"0":1},"f":{"0":1},"b":{},"meta":{"lastBranch":0,"lastFunction":1,"lastStatement":1,"seen":{"s:1:17:3:Infinity":0,"f:1:17:1:Infinity":0}}}
,"/Users/mahata/projects/ticket-app-sample/frontend/src/hooks/useAuth.ts": {"path":"/Users/mahata/projects/ticket-app-sample/frontend/src/hooks/useAuth.ts","statementMap":{"0":{"start":{"line":4,"column":23},"end":{"line":10,"column":null}},"1":{"start":{"line":5,"column":8},"end":{"line":5,"column":null}},"2":{"start":{"line":6,"column":2},"end":{"line":8,"column":null}},"3":{"start":{"line":7,"column":4},"end":{"line":7,"column":null}},"4":{"start":{"line":9,"column":2},"end":{"line":9,"column":null}}},"fnMap":{"0":{"name":"(anonymous_0)","decl":{"start":{"line":4,"column":23},"end":{"line":4,"column":null}},"loc":{"start":{"line":4,"column":23},"end":{"line":10,"column":null}},"line":4}},"branchMap":{"0":{"loc":{"start":{"line":6,"column":2},"end":{"line":8,"column":null}},"type":"if","locations":[{"start":{"line":6,"column":2},"end":{"line":8,"column":null}},{"start":{},"end":{}}],"line":6}},"s":{"0":1,"1":3,"2":3,"3":0,"4":3},"f":{"0":3},"b":{"0":[0,3]},"meta":{"lastBranch":1,"lastFunction":1,"lastStatement":5,"seen":{"s:4:23:10:Infinity":0,"f:4:23:4:Infinity":0,"s:5:8:5:Infinity":1,"b:6:2:8:Infinity:undefined:undefined:undefined:undefined":0,"s:6:2:8:Infinity":2,"s:7:4:7:Infinity":3,"s:9:2:9:Infinity":4}}}
}
